[0m17:49:07.111349 [debug] [Thread-1  ]: dbt_clickhouse adapter: SQL status: OK in 1.08 seconds
[0m17:49:07.123004 [debug] [Thread-1  ]: Writing runtime SQL for node "seed.ecommerce_dbt.quick_commerce"
[0m17:49:07.163625 [debug] [Thread-1  ]: Sending event: {'category': 'dbt', 'action': 'run_model', 'label': 'b9f35e6e-f47a-4768-b16a-f2f51408b765', 'context': [<snowplow_tracker.self_describing_json.SelfDescribingJson object at 0x7fde8ada9d00>]}
[0m17:49:07.165598 [info ] [Thread-1  ]: 1 of 1 OK loaded seed file default.quick_commerce .............................. [[32mCREATE 947752[0m in 76.92s]
[0m17:49:07.170604 [debug] [Thread-1  ]: Finished running node seed.ecommerce_dbt.quick_commerce
[0m17:49:07.173169 [debug] [MainThread]: Connection 'master' was properly closed.
[0m17:49:07.173685 [debug] [MainThread]: Connection 'seed.ecommerce_dbt.quick_commerce' was left open.
[0m17:49:07.174086 [debug] [MainThread]: On seed.ecommerce_dbt.quick_commerce: Close
[0m17:49:07.174840 [info ] [MainThread]: 
[0m17:49:07.175287 [info ] [MainThread]: Finished running 1 seed in 0 hours 1 minutes and 17.11 seconds (77.11s).
[0m17:49:07.176461 [debug] [MainThread]: Command end result
[0m17:49:07.236641 [debug] [MainThread]: Wrote artifact WritableManifest to /Users/annaborisenko/Documents/new_job_project_26/dbt_pipeline/dbt-ecommerce-project/target/manifest.json
[0m17:49:07.245166 [debug] [MainThread]: Wrote artifact SemanticManifest to /Users/annaborisenko/Documents/new_job_project_26/dbt_pipeline/dbt-ecommerce-project/target/semantic_manifest.json
[0m17:49:07.260721 [debug] [MainThread]: Wrote artifact RunExecutionResult to /Users/annaborisenko/Documents/new_job_project_26/dbt_pipeline/dbt-ecommerce-project/target/run_results.json
[0m17:49:07.261241 [info ] [MainThread]: 
[0m17:49:07.261783 [info ] [MainThread]: [32mCompleted successfully[0m
[0m17:49:07.262120 [info ] [MainThread]: 
[0m17:49:07.262461 [info ] [MainThread]: Done. PASS=1 WARN=0 ERROR=0 SKIP=0 NO-OP=0 TOTAL=1
[0m17:49:07.272431 [debug] [MainThread]: Resource report: {"command_name": "seed", "command_success": true, "command_wall_clock_time": 79.1832, "process_in_blocks": "0", "process_kernel_time": 2.472017, "process_mem_max_rss": "2154852352", "process_out_blocks": "0", "process_user_time": 74.562584}
[0m17:49:07.273343 [debug] [MainThread]: Command `dbt seed` succeeded at 17:49:07.273247 after 79.18 seconds
[0m17:49:07.273863 [debug] [MainThread]: Sending event: {'category': 'dbt', 'action': 'invocation', 'label': 'end', 'context': [<snowplow_tracker.self_describing_json.SelfDescribingJson object at 0x7fde89f99ee0>, <snowplow_tracker.self_describing_json.SelfDescribingJson object at 0x7fde8ac71bb0>, <snowplow_tracker.self_describing_json.SelfDescribingJson object at 0x7fde8a07c220>]}
[0m17:49:07.274219 [debug] [MainThread]: Flushing usage events
[0m17:49:07.848239 [debug] [MainThread]: An error was encountered while trying to flush usage events
[0m17:49:40.375712 [debug] [MainThread]: Sending event: {'category': 'dbt', 'action': 'invocation', 'label': 'start', 'context': [<snowplow_tracker.self_describing_json.SelfDescribingJson object at 0x7f829a100eb0>, <snowplow_tracker.self_describing_json.SelfDescribingJson object at 0x7f825805ab50>, <snowplow_tracker.self_describing_json.SelfDescribingJson object at 0x7f825805a1c0>]}


============================== 17:49:40.381331 | 15e82df9-7ca2-45f8-8bd0-fb016bc8b228 ==============================
[0m17:49:40.381331 [info ] [MainThread]: Running with dbt=1.10.20
[0m17:49:40.382099 [debug] [MainThread]: running dbt with arguments {'invocation_command': 'dbt run', 'indirect_selection': 'eager', 'fail_fast': 'False', 'cache_selected_only': 'False', 'send_anonymous_usage_stats': 'True', 'no_print': 'None', 'warn_error_options': 'WarnErrorOptionsV2(error=[], warn=[], silence=[])', 'quiet': 'False', 'introspect': 'True', 'use_colors': 'True', 'log_cache_events': 'False', 'log_format': 'default', 'printer_width': '80', 'log_path': '/Users/annaborisenko/Documents/new_job_project_26/dbt_pipeline/dbt-ecommerce-project/logs', 'warn_error': 'None', 'profiles_dir': '/Users/annaborisenko/Documents/new_job_project_26/dbt_pipeline/dbt-ecommerce-project', 'version_check': 'True', 'write_json': 'True', 'static_parser': 'True', 'debug': 'False', 'empty': 'False', 'use_experimental_parser': 'False', 'partial_parse': 'True', 'target_path': 'None'}
[0m17:49:40.610196 [debug] [MainThread]: Sending event: {'category': 'dbt', 'action': 'project_id', 'label': '15e82df9-7ca2-45f8-8bd0-fb016bc8b228', 'context': [<snowplow_tracker.self_describing_json.SelfDescribingJson object at 0x7f8248700a00>]}
[0m17:49:40.658242 [debug] [MainThread]: Sending event: {'category': 'dbt', 'action': 'adapter_info', 'label': '15e82df9-7ca2-45f8-8bd0-fb016bc8b228', 'context': [<snowplow_tracker.self_describing_json.SelfDescribingJson object at 0x7f8248765790>]}
[0m17:49:40.659269 [info ] [MainThread]: Registered adapter: clickhouse=1.9.8
[0m17:49:40.773456 [debug] [MainThread]: checksum: a2dd717d56b7fa105aa967460f8408a71460d755763c8570e48c01c133187aea, vars: {}, profile: , target: , version: 1.10.20
[0m17:49:40.911646 [debug] [MainThread]: Partial parsing enabled: 0 files deleted, 0 files added, 0 files changed.
[0m17:49:40.912151 [debug] [MainThread]: Partial parsing enabled, no changes found, skipping parsing
[0m17:49:40.964890 [debug] [MainThread]: Sending event: {'category': 'dbt', 'action': 'load_project', 'label': '15e82df9-7ca2-45f8-8bd0-fb016bc8b228', 'context': [<snowplow_tracker.self_describing_json.SelfDescribingJson object at 0x7f8278207130>]}
[0m17:49:41.051897 [debug] [MainThread]: Wrote artifact WritableManifest to /Users/annaborisenko/Documents/new_job_project_26/dbt_pipeline/dbt-ecommerce-project/target/manifest.json
[0m17:49:41.054049 [debug] [MainThread]: Wrote artifact SemanticManifest to /Users/annaborisenko/Documents/new_job_project_26/dbt_pipeline/dbt-ecommerce-project/target/semantic_manifest.json
[0m17:49:41.068404 [debug] [MainThread]: Sending event: {'category': 'dbt', 'action': 'resource_counts', 'label': '15e82df9-7ca2-45f8-8bd0-fb016bc8b228', 'context': [<snowplow_tracker.self_describing_json.SelfDescribingJson object at 0x7f8278221c70>]}
[0m17:49:41.068900 [info ] [MainThread]: Found 7 models, 4 data tests, 1 seed, 486 macros
[0m17:49:41.069224 [debug] [MainThread]: Sending event: {'category': 'dbt', 'action': 'runnable_timing', 'label': '15e82df9-7ca2-45f8-8bd0-fb016bc8b228', 'context': [<snowplow_tracker.self_describing_json.SelfDescribingJson object at 0x7f8278207e80>]}
[0m17:49:41.070564 [info ] [MainThread]: 
[0m17:49:41.070903 [info ] [MainThread]: Concurrency: 1 threads (target='dev')
[0m17:49:41.071164 [info ] [MainThread]: 
[0m17:49:41.071587 [debug] [MainThread]: Acquiring new clickhouse connection 'master'
[0m17:49:41.077080 [debug] [ThreadPool]: Acquiring new clickhouse connection 'list_'
[0m17:49:41.086836 [debug] [ThreadPool]: Opening a new connection, currently in state init
[0m17:49:41.197028 [debug] [ThreadPool]: dbt_clickhouse adapter: On list_: /* {"app": "dbt", "dbt_version": "1.10.20", "profile_name": "ecommerce_profile", "target_name": "dev", "connection_name": "list_"} */

    select name from system.databases
  ...
[0m17:49:41.199977 [debug] [ThreadPool]: dbt_clickhouse adapter: SQL status: OK in 0.00 seconds
[0m17:49:41.249914 [debug] [ThreadPool]: Re-using an available connection from the pool (formerly list_, now list__default)
[0m17:49:41.255257 [debug] [ThreadPool]: dbt_clickhouse adapter: On list__default: /* {"app": "dbt", "dbt_version": "1.10.20", "profile_name": "ecommerce_profile", "target_name": "dev", "connection_name": "list__default"} */
select
      t.name as name,
      t.database as schema,
      multiIf(
        engine in ('MaterializedView', 'View'), 'view',
        engine = 'Dictionary', 'dictionary',
        'table'
      ) as type,
      db.engine as db_engine,0 as is_on_cluster
          from system.tables as t join system.databases as db on t.database = db.name
        where schema = 'default'
      

  ...
[0m17:49:41.267891 [debug] [ThreadPool]: dbt_clickhouse adapter: SQL status: OK in 0.01 seconds
[0m17:49:41.269340 [debug] [MainThread]: Sending event: {'category': 'dbt', 'action': 'runnable_timing', 'label': '15e82df9-7ca2-45f8-8bd0-fb016bc8b228', 'context': [<snowplow_tracker.self_describing_json.SelfDescribingJson object at 0x7f82487ef4c0>]}
[0m17:49:41.271419 [debug] [Thread-1  ]: Began running node model.ecommerce_dbt.stg_customers
[0m17:49:41.271882 [info ] [Thread-1  ]: 1 of 7 START sql table model `default`.`stg_customers` ......................... [RUN]
[0m17:49:41.272279 [debug] [Thread-1  ]: Re-using an available connection from the pool (formerly list__default, now model.ecommerce_dbt.stg_customers)
[0m17:49:41.272609 [debug] [Thread-1  ]: Began compiling node model.ecommerce_dbt.stg_customers
[0m17:49:41.279322 [debug] [Thread-1  ]: Writing injected SQL for node "model.ecommerce_dbt.stg_customers"
[0m17:49:41.280705 [debug] [Thread-1  ]: Began executing node model.ecommerce_dbt.stg_customers
[0m17:49:41.296602 [debug] [Thread-1  ]: Creating new relation stg_customers
[0m17:49:41.317981 [debug] [Thread-1  ]: dbt_clickhouse adapter: On model.ecommerce_dbt.stg_customers: /* {"app": "dbt", "dbt_version": "1.10.20", "profile_name": "ecommerce_profile", "target_name": "dev", "node_id": "model.ecommerce_dbt.stg_customers"} */

            

    
        create table `default`.`stg_customers`
        
  
        
  engine = MergeTree()
        
      order by (tuple())
        
        
        
        
                    -- end_of_sql
                    SETTINGS replicated_deduplication_window='0'

                    
            empty
          as (
            select
    row_number() over () as customer_id,
    Customer_Age as customer_age,
    City as city,
    Customer_Rating as customer_rating
from `default`.`quick_commerce`
          )
        
        ...
[0m17:49:41.326338 [debug] [Thread-1  ]: dbt_clickhouse adapter: SQL status: OK in 0.01 seconds
[0m17:49:41.338823 [debug] [Thread-1  ]: dbt_clickhouse adapter: On model.ecommerce_dbt.stg_customers: /* {"app": "dbt", "dbt_version": "1.10.20", "profile_name": "ecommerce_profile", "target_name": "dev", "node_id": "model.ecommerce_dbt.stg_customers"} */

    select name, type from system.columns where table = 'stg_customers'
    
      
        and database = 'default'
      
    
    order by position
  ...
[0m17:49:41.349071 [debug] [Thread-1  ]: dbt_clickhouse adapter: SQL status: OK in 0.01 seconds
[0m17:49:41.352070 [debug] [Thread-1  ]: Writing runtime sql for node "model.ecommerce_dbt.stg_customers"
[0m17:49:41.353490 [debug] [Thread-1  ]: dbt_clickhouse adapter: On model.ecommerce_dbt.stg_customers: /* {"app": "dbt", "dbt_version": "1.10.20", "profile_name": "ecommerce_profile", "target_name": "dev", "node_id": "model.ecommerce_dbt.stg_customers"} */

  
    
    
    
        
         


        insert into `default`.`stg_customers`
        ("customer_id", "customer_age", "city", "customer_rating")select
    row_number() over () as customer_id,
    Customer_Age as customer_age,
    City as city,
    Customer_Rating as customer_rating
from `default`.`quick_commerce`
  ...
[0m17:49:41.471574 [debug] [Thread-1  ]: dbt_clickhouse adapter: SQL status: OK in 0.12 seconds
[0m17:49:41.488078 [debug] [Thread-1  ]: Sending event: {'category': 'dbt', 'action': 'run_model', 'label': '15e82df9-7ca2-45f8-8bd0-fb016bc8b228', 'context': [<snowplow_tracker.self_describing_json.SelfDescribingJson object at 0x7f829ab14190>]}
[0m17:49:41.488806 [info ] [Thread-1  ]: 1 of 7 OK created sql table model `default`.`stg_customers` .................... [[32mOK[0m in 0.22s]
[0m17:49:41.489334 [debug] [Thread-1  ]: Finished running node model.ecommerce_dbt.stg_customers
[0m17:49:41.489714 [debug] [Thread-1  ]: Began running node model.ecommerce_dbt.stg_delivery
[0m17:49:41.490286 [info ] [Thread-1  ]: 2 of 7 START sql table model `default`.`stg_delivery` .......................... [RUN]
[0m17:49:41.490760 [debug] [Thread-1  ]: Re-using an available connection from the pool (formerly model.ecommerce_dbt.stg_customers, now model.ecommerce_dbt.stg_delivery)
[0m17:49:41.491126 [debug] [Thread-1  ]: Began compiling node model.ecommerce_dbt.stg_delivery
[0m17:49:41.494841 [debug] [Thread-1  ]: Writing injected SQL for node "model.ecommerce_dbt.stg_delivery"
[0m17:49:41.496476 [debug] [Thread-1  ]: Began executing node model.ecommerce_dbt.stg_delivery
[0m17:49:41.498900 [debug] [Thread-1  ]: Creating new relation stg_delivery
[0m17:49:41.500154 [debug] [Thread-1  ]: dbt_clickhouse adapter: On model.ecommerce_dbt.stg_delivery: /* {"app": "dbt", "dbt_version": "1.10.20", "profile_name": "ecommerce_profile", "target_name": "dev", "node_id": "model.ecommerce_dbt.stg_delivery"} */

            

    
        create table `default`.`stg_delivery`
        
  
        
  engine = MergeTree()
        
      order by (tuple())
        
        
        
        
                    -- end_of_sql
                    SETTINGS replicated_deduplication_window='0'

                    
            empty
          as (
            select
    Order_ID as order_id,
    Delivery_Time_Min as delivery_time_min,
    Distance_Km as distance_km,
    Delivery_Partner_Rating as delivery_rating
from `default`.`quick_commerce`
          )
        
        ...
[0m17:49:41.509332 [debug] [Thread-1  ]: dbt_clickhouse adapter: SQL status: OK in 0.01 seconds
[0m17:49:41.512472 [debug] [Thread-1  ]: dbt_clickhouse adapter: On model.ecommerce_dbt.stg_delivery: /* {"app": "dbt", "dbt_version": "1.10.20", "profile_name": "ecommerce_profile", "target_name": "dev", "node_id": "model.ecommerce_dbt.stg_delivery"} */

    select name, type from system.columns where table = 'stg_delivery'
    
      
        and database = 'default'
      
    
    order by position
  ...
[0m17:49:41.516351 [debug] [Thread-1  ]: dbt_clickhouse adapter: SQL status: OK in 0.00 seconds
[0m17:49:41.518007 [debug] [Thread-1  ]: Writing runtime sql for node "model.ecommerce_dbt.stg_delivery"
[0m17:49:41.519695 [debug] [Thread-1  ]: dbt_clickhouse adapter: On model.ecommerce_dbt.stg_delivery: /* {"app": "dbt", "dbt_version": "1.10.20", "profile_name": "ecommerce_profile", "target_name": "dev", "node_id": "model.ecommerce_dbt.stg_delivery"} */

  
    
    
    
        
         


        insert into `default`.`stg_delivery`
        ("order_id", "delivery_time_min", "distance_km", "delivery_rating")select
    Order_ID as order_id,
    Delivery_Time_Min as delivery_time_min,
    Distance_Km as distance_km,
    Delivery_Partner_Rating as delivery_rating
from `default`.`quick_commerce`
  ...
[0m17:49:41.584484 [debug] [Thread-1  ]: dbt_clickhouse adapter: SQL status: OK in 0.06 seconds
[0m17:49:41.586372 [debug] [Thread-1  ]: Sending event: {'category': 'dbt', 'action': 'run_model', 'label': '15e82df9-7ca2-45f8-8bd0-fb016bc8b228', 'context': [<snowplow_tracker.self_describing_json.SelfDescribingJson object at 0x7f8248729c10>]}
[0m17:49:41.586950 [info ] [Thread-1  ]: 2 of 7 OK created sql table model `default`.`stg_delivery` ..................... [[32mOK[0m in 0.10s]
[0m17:49:41.587425 [debug] [Thread-1  ]: Finished running node model.ecommerce_dbt.stg_delivery
[0m17:49:41.587759 [debug] [Thread-1  ]: Began running node model.ecommerce_dbt.stg_orders
[0m17:49:41.588141 [info ] [Thread-1  ]: 3 of 7 START sql table model `default`.`stg_orders` ............................ [RUN]
[0m17:49:41.588488 [debug] [Thread-1  ]: Re-using an available connection from the pool (formerly model.ecommerce_dbt.stg_delivery, now model.ecommerce_dbt.stg_orders)
[0m17:49:41.589024 [debug] [Thread-1  ]: Began compiling node model.ecommerce_dbt.stg_orders
[0m17:49:41.592341 [debug] [Thread-1  ]: Writing injected SQL for node "model.ecommerce_dbt.stg_orders"
[0m17:49:41.593879 [debug] [Thread-1  ]: Began executing node model.ecommerce_dbt.stg_orders
[0m17:49:41.596119 [debug] [Thread-1  ]: Creating new relation stg_orders
[0m17:49:41.597298 [debug] [Thread-1  ]: dbt_clickhouse adapter: On model.ecommerce_dbt.stg_orders: /* {"app": "dbt", "dbt_version": "1.10.20", "profile_name": "ecommerce_profile", "target_name": "dev", "node_id": "model.ecommerce_dbt.stg_orders"} */

            

    
        create table `default`.`stg_orders`
        
  
        
  engine = MergeTree()
        
      order by (tuple())
        
        
        
        
                    -- end_of_sql
                    SETTINGS replicated_deduplication_window='0'

                    
            empty
          as (
            select
    Order_ID as order_id,
    Company as company,
    City as city,
    Order_Value as order_value,
    Items_Count as items_count,
    Product_Category as product_category,
    Payment_Method as payment_method,
    Discount_Applied as discount_applied
from `default`.`quick_commerce`
          )
        
        ...
[0m17:49:41.604927 [debug] [Thread-1  ]: dbt_clickhouse adapter: SQL status: OK in 0.01 seconds
[0m17:49:41.608024 [debug] [Thread-1  ]: dbt_clickhouse adapter: On model.ecommerce_dbt.stg_orders: /* {"app": "dbt", "dbt_version": "1.10.20", "profile_name": "ecommerce_profile", "target_name": "dev", "node_id": "model.ecommerce_dbt.stg_orders"} */

    select name, type from system.columns where table = 'stg_orders'
    
      
        and database = 'default'
      
    
    order by position
  ...
[0m17:49:41.612560 [debug] [Thread-1  ]: dbt_clickhouse adapter: SQL status: OK in 0.00 seconds
[0m17:49:41.614134 [debug] [Thread-1  ]: Writing runtime sql for node "model.ecommerce_dbt.stg_orders"
[0m17:49:41.615701 [debug] [Thread-1  ]: dbt_clickhouse adapter: On model.ecommerce_dbt.stg_orders: /* {"app": "dbt", "dbt_version": "1.10.20", "profile_name": "ecommerce_profile", "target_name": "dev", "node_id": "model.ecommerce_dbt.stg_orders"} */

  
    
    
    
        
         


        insert into `default`.`stg_orders`
        ("order_id", "company", "city", "order_value", "items_count", "product_category", "payment_method", "discount_applied")select
    Order_ID as order_id,
    Company as company,
    City as city,
    Order_Value as order_value,
    Items_Count as items_count,
    Product_Category as product_category,
    Payment_Method as payment_method,
    Discount_Applied as discount_applied
from `default`.`quick_commerce`
  ...
[0m17:49:41.870364 [debug] [Thread-1  ]: dbt_clickhouse adapter: SQL status: OK in 0.25 seconds
[0m17:49:41.874397 [debug] [Thread-1  ]: Sending event: {'category': 'dbt', 'action': 'run_model', 'label': '15e82df9-7ca2-45f8-8bd0-fb016bc8b228', 'context': [<snowplow_tracker.self_describing_json.SelfDescribingJson object at 0x7f8248729c10>]}
[0m17:49:41.875044 [info ] [Thread-1  ]: 3 of 7 OK created sql table model `default`.`stg_orders` ....................... [[32mOK[0m in 0.29s]
[0m17:49:41.875551 [debug] [Thread-1  ]: Finished running node model.ecommerce_dbt.stg_orders
[0m17:49:41.875896 [debug] [Thread-1  ]: Began running node model.ecommerce_dbt.dim_customers
[0m17:49:41.876624 [info ] [Thread-1  ]: 4 of 7 START sql table model `default`.`dim_customers` ......................... [RUN]
[0m17:49:41.877230 [debug] [Thread-1  ]: Re-using an available connection from the pool (formerly model.ecommerce_dbt.stg_orders, now model.ecommerce_dbt.dim_customers)
[0m17:49:41.877586 [debug] [Thread-1  ]: Began compiling node model.ecommerce_dbt.dim_customers
[0m17:49:41.881741 [debug] [Thread-1  ]: Writing injected SQL for node "model.ecommerce_dbt.dim_customers"
[0m17:49:41.883467 [debug] [Thread-1  ]: Began executing node model.ecommerce_dbt.dim_customers
[0m17:49:41.885808 [debug] [Thread-1  ]: Creating new relation dim_customers
[0m17:49:41.887112 [debug] [Thread-1  ]: dbt_clickhouse adapter: On model.ecommerce_dbt.dim_customers: /* {"app": "dbt", "dbt_version": "1.10.20", "profile_name": "ecommerce_profile", "target_name": "dev", "node_id": "model.ecommerce_dbt.dim_customers"} */

            

    
        create table `default`.`dim_customers`
        
  
        
  engine = MergeTree()
        order by ((city, customer_age))
        
        
        
        
                    -- end_of_sql
                    SETTINGS replicated_deduplication_window='0'

                    
            empty
          as (
            

select
    customer_age,
    city,
    avg(customer_rating) as avg_rating,
    count(*) as total_orders
from `default`.`stg_customers`
group by customer_age, city
          )
        
        ...
[0m17:49:41.898737 [debug] [Thread-1  ]: dbt_clickhouse adapter: SQL status: OK in 0.01 seconds
[0m17:49:41.901678 [debug] [Thread-1  ]: dbt_clickhouse adapter: On model.ecommerce_dbt.dim_customers: /* {"app": "dbt", "dbt_version": "1.10.20", "profile_name": "ecommerce_profile", "target_name": "dev", "node_id": "model.ecommerce_dbt.dim_customers"} */

    select name, type from system.columns where table = 'dim_customers'
    
      
        and database = 'default'
      
    
    order by position
  ...
[0m17:49:41.905461 [debug] [Thread-1  ]: dbt_clickhouse adapter: SQL status: OK in 0.00 seconds
[0m17:49:41.906704 [debug] [Thread-1  ]: Writing runtime sql for node "model.ecommerce_dbt.dim_customers"
[0m17:49:41.908095 [debug] [Thread-1  ]: dbt_clickhouse adapter: On model.ecommerce_dbt.dim_customers: /* {"app": "dbt", "dbt_version": "1.10.20", "profile_name": "ecommerce_profile", "target_name": "dev", "node_id": "model.ecommerce_dbt.dim_customers"} */

  
    
    
    
        
         


        insert into `default`.`dim_customers`
        ("customer_age", "city", "avg_rating", "total_orders")

select
    customer_age,
    city,
    avg(customer_rating) as avg_rating,
    count(*) as total_orders
from `default`.`stg_customers`
group by customer_age, city
  ...
[0m17:49:41.928265 [debug] [Thread-1  ]: dbt_clickhouse adapter: SQL status: OK in 0.02 seconds
[0m17:49:41.930169 [debug] [Thread-1  ]: Sending event: {'category': 'dbt', 'action': 'run_model', 'label': '15e82df9-7ca2-45f8-8bd0-fb016bc8b228', 'context': [<snowplow_tracker.self_describing_json.SelfDescribingJson object at 0x7f8248729c10>]}
[0m17:49:41.930737 [info ] [Thread-1  ]: 4 of 7 OK created sql table model `default`.`dim_customers` .................... [[32mOK[0m in 0.05s]
[0m17:49:41.931213 [debug] [Thread-1  ]: Finished running node model.ecommerce_dbt.dim_customers
[0m17:49:41.931556 [debug] [Thread-1  ]: Began running node model.ecommerce_dbt.int_orders_enriched
[0m17:49:41.932214 [info ] [Thread-1  ]: 5 of 7 START sql view model `default`.`int_orders_enriched` .................... [RUN]
[0m17:49:41.932797 [debug] [Thread-1  ]: Re-using an available connection from the pool (formerly model.ecommerce_dbt.dim_customers, now model.ecommerce_dbt.int_orders_enriched)
[0m17:49:41.933176 [debug] [Thread-1  ]: Began compiling node model.ecommerce_dbt.int_orders_enriched
[0m17:49:41.936266 [debug] [Thread-1  ]: Writing injected SQL for node "model.ecommerce_dbt.int_orders_enriched"
[0m17:49:41.937158 [debug] [Thread-1  ]: Began executing node model.ecommerce_dbt.int_orders_enriched
[0m17:49:41.944902 [debug] [Thread-1  ]: Creating new relation int_orders_enriched
[0m17:49:41.954962 [debug] [Thread-1  ]: Writing runtime sql for node "model.ecommerce_dbt.int_orders_enriched"
[0m17:49:41.956366 [debug] [Thread-1  ]: dbt_clickhouse adapter: On model.ecommerce_dbt.int_orders_enriched: /* {"app": "dbt", "dbt_version": "1.10.20", "profile_name": "ecommerce_profile", "target_name": "dev", "node_id": "model.ecommerce_dbt.int_orders_enriched"} */


  create or replace view `default`.`int_orders_enriched` 
  
    
  
  
    
    
  as (
    -- int_orders_enriched.sql
select
    o.order_id,
    o.company,
    o.city,
    o.order_value,
    o.product_category,
    o.payment_method,
    d.delivery_time_min,
    d.distance_km,
    d.delivery_rating
from `default`.`stg_orders` o
left join `default`.`stg_delivery` d
    on o.order_id = d.order_id
    
  )
      
      
                    -- end_of_sql
                    
                    ...
[0m17:49:41.961258 [debug] [Thread-1  ]: dbt_clickhouse adapter: SQL status: OK in 0.00 seconds
[0m17:49:41.963197 [debug] [Thread-1  ]: Sending event: {'category': 'dbt', 'action': 'run_model', 'label': '15e82df9-7ca2-45f8-8bd0-fb016bc8b228', 'context': [<snowplow_tracker.self_describing_json.SelfDescribingJson object at 0x7f8278328160>]}
[0m17:49:41.963825 [info ] [Thread-1  ]: 5 of 7 OK created sql view model `default`.`int_orders_enriched` ............... [[32mOK[0m in 0.03s]
[0m17:49:41.964449 [debug] [Thread-1  ]: Finished running node model.ecommerce_dbt.int_orders_enriched
[0m17:49:41.965165 [debug] [Thread-1  ]: Began running node model.ecommerce_dbt.fct_orders
[0m17:49:41.965639 [info ] [Thread-1  ]: 6 of 7 START sql table model `default`.`fct_orders` ............................ [RUN]
[0m17:49:41.966053 [debug] [Thread-1  ]: Re-using an available connection from the pool (formerly model.ecommerce_dbt.int_orders_enriched, now model.ecommerce_dbt.fct_orders)
[0m17:49:41.966393 [debug] [Thread-1  ]: Began compiling node model.ecommerce_dbt.fct_orders
[0m17:49:41.969303 [debug] [Thread-1  ]: Writing injected SQL for node "model.ecommerce_dbt.fct_orders"
[0m17:49:41.970558 [debug] [Thread-1  ]: Began executing node model.ecommerce_dbt.fct_orders
[0m17:49:41.973918 [debug] [Thread-1  ]: Creating new relation fct_orders
[0m17:49:41.975186 [debug] [Thread-1  ]: dbt_clickhouse adapter: On model.ecommerce_dbt.fct_orders: /* {"app": "dbt", "dbt_version": "1.10.20", "profile_name": "ecommerce_profile", "target_name": "dev", "node_id": "model.ecommerce_dbt.fct_orders"} */

            

    
        create table `default`.`fct_orders`
        
  
        
  engine = MergeTree()
        order by (order_id)
        
        
        
        
                    -- end_of_sql
                    SETTINGS replicated_deduplication_window='0'

                    
            empty
          as (
            

select
    toUInt64(order_id) as order_id,
    company,
    city,
    toFloat64(order_value) as order_value,
    toFloat64(delivery_time_min) as delivery_time_min,
    toFloat64(distance_km) as distance_km
from `default`.`int_orders_enriched`
          )
        
        ...
[0m17:49:41.982779 [debug] [Thread-1  ]: dbt_clickhouse adapter: SQL status: OK in 0.01 seconds
[0m17:49:41.985631 [debug] [Thread-1  ]: dbt_clickhouse adapter: On model.ecommerce_dbt.fct_orders: /* {"app": "dbt", "dbt_version": "1.10.20", "profile_name": "ecommerce_profile", "target_name": "dev", "node_id": "model.ecommerce_dbt.fct_orders"} */

    select name, type from system.columns where table = 'fct_orders'
    
      
        and database = 'default'
      
    
    order by position
  ...
[0m17:49:41.989395 [debug] [Thread-1  ]: dbt_clickhouse adapter: SQL status: OK in 0.00 seconds
[0m17:49:41.990798 [debug] [Thread-1  ]: Writing runtime sql for node "model.ecommerce_dbt.fct_orders"
[0m17:49:41.991892 [debug] [Thread-1  ]: dbt_clickhouse adapter: On model.ecommerce_dbt.fct_orders: /* {"app": "dbt", "dbt_version": "1.10.20", "profile_name": "ecommerce_profile", "target_name": "dev", "node_id": "model.ecommerce_dbt.fct_orders"} */

  
    
    
    
        
         


        insert into `default`.`fct_orders`
        ("order_id", "company", "city", "order_value", "delivery_time_min", "distance_km")

select
    toUInt64(order_id) as order_id,
    company,
    city,
    toFloat64(order_value) as order_value,
    toFloat64(delivery_time_min) as delivery_time_min,
    toFloat64(distance_km) as distance_km
from `default`.`int_orders_enriched`
  ...
[0m17:49:42.523279 [debug] [Thread-1  ]: dbt_clickhouse adapter: SQL status: OK in 0.53 seconds
[0m17:49:42.527907 [debug] [Thread-1  ]: Sending event: {'category': 'dbt', 'action': 'run_model', 'label': '15e82df9-7ca2-45f8-8bd0-fb016bc8b228', 'context': [<snowplow_tracker.self_describing_json.SelfDescribingJson object at 0x7f829ac65460>]}
[0m17:49:42.528608 [info ] [Thread-1  ]: 6 of 7 OK created sql table model `default`.`fct_orders` ....................... [[32mOK[0m in 0.56s]
[0m17:49:42.529124 [debug] [Thread-1  ]: Finished running node model.ecommerce_dbt.fct_orders
[0m17:49:42.529477 [debug] [Thread-1  ]: Began running node model.ecommerce_dbt.kpi_metrics
[0m17:49:42.529931 [info ] [Thread-1  ]: 7 of 7 START sql table model `default`.`kpi_metrics` ........................... [RUN]
[0m17:49:42.530322 [debug] [Thread-1  ]: Re-using an available connection from the pool (formerly model.ecommerce_dbt.fct_orders, now model.ecommerce_dbt.kpi_metrics)
[0m17:49:42.530638 [debug] [Thread-1  ]: Began compiling node model.ecommerce_dbt.kpi_metrics
[0m17:49:42.533565 [debug] [Thread-1  ]: Writing injected SQL for node "model.ecommerce_dbt.kpi_metrics"
[0m17:49:42.534554 [debug] [Thread-1  ]: Began executing node model.ecommerce_dbt.kpi_metrics
[0m17:49:42.536820 [debug] [Thread-1  ]: Creating new relation kpi_metrics
[0m17:49:42.538096 [debug] [Thread-1  ]: dbt_clickhouse adapter: On model.ecommerce_dbt.kpi_metrics: /* {"app": "dbt", "dbt_version": "1.10.20", "profile_name": "ecommerce_profile", "target_name": "dev", "node_id": "model.ecommerce_dbt.kpi_metrics"} */

            

    
        create table `default`.`kpi_metrics`
        
  
        
  engine = MergeTree()
        order by ((city, company))
        
        
        
        
                    -- end_of_sql
                    SETTINGS replicated_deduplication_window='0'

                    
            empty
          as (
            

select
    city,
    company,
    count() as total_orders,
    avg(order_value) as avg_order_value,
    avg(delivery_time_min) as avg_delivery_time
from `default`.`int_orders_enriched`
group by city, company
          )
        
        ...
[0m17:49:42.553097 [debug] [Thread-1  ]: dbt_clickhouse adapter: SQL status: OK in 0.01 seconds
[0m17:49:42.559940 [debug] [Thread-1  ]: dbt_clickhouse adapter: On model.ecommerce_dbt.kpi_metrics: /* {"app": "dbt", "dbt_version": "1.10.20", "profile_name": "ecommerce_profile", "target_name": "dev", "node_id": "model.ecommerce_dbt.kpi_metrics"} */

    select name, type from system.columns where table = 'kpi_metrics'
    
      
        and database = 'default'
      
    
    order by position
  ...
[0m17:49:42.569317 [debug] [Thread-1  ]: dbt_clickhouse adapter: SQL status: OK in 0.01 seconds
[0m17:49:42.570904 [debug] [Thread-1  ]: Writing runtime sql for node "model.ecommerce_dbt.kpi_metrics"
[0m17:49:42.573929 [debug] [Thread-1  ]: dbt_clickhouse adapter: On model.ecommerce_dbt.kpi_metrics: /* {"app": "dbt", "dbt_version": "1.10.20", "profile_name": "ecommerce_profile", "target_name": "dev", "node_id": "model.ecommerce_dbt.kpi_metrics"} */

  
    
    
    
        
         


        insert into `default`.`kpi_metrics`
        ("city", "company", "total_orders", "avg_order_value", "avg_delivery_time")

select
    city,
    company,
    count() as total_orders,
    avg(order_value) as avg_order_value,
    avg(delivery_time_min) as avg_delivery_time
from `default`.`int_orders_enriched`
group by city, company
  ...
[0m17:49:42.633905 [debug] [Thread-1  ]: dbt_clickhouse adapter: SQL status: OK in 0.06 seconds
[0m17:49:42.635841 [debug] [Thread-1  ]: Sending event: {'category': 'dbt', 'action': 'run_model', 'label': '15e82df9-7ca2-45f8-8bd0-fb016bc8b228', 'context': [<snowplow_tracker.self_describing_json.SelfDescribingJson object at 0x7f829ac65460>]}
[0m17:49:42.636407 [info ] [Thread-1  ]: 7 of 7 OK created sql table model `default`.`kpi_metrics` ...................... [[32mOK[0m in 0.11s]
[0m17:49:42.636896 [debug] [Thread-1  ]: Finished running node model.ecommerce_dbt.kpi_metrics
[0m17:49:42.637813 [debug] [MainThread]: Connection 'master' was properly closed.
[0m17:49:42.638139 [debug] [MainThread]: Connection 'model.ecommerce_dbt.kpi_metrics' was left open.
[0m17:49:42.638414 [debug] [MainThread]: On model.ecommerce_dbt.kpi_metrics: Close
[0m17:49:42.638828 [info ] [MainThread]: 
[0m17:49:42.639118 [info ] [MainThread]: Finished running 6 table models, 1 view model in 0 hours 0 minutes and 1.57 seconds (1.57s).
[0m17:49:42.640408 [debug] [MainThread]: Command end result
[0m17:49:42.663889 [debug] [MainThread]: Wrote artifact WritableManifest to /Users/annaborisenko/Documents/new_job_project_26/dbt_pipeline/dbt-ecommerce-project/target/manifest.json
[0m17:49:42.665699 [debug] [MainThread]: Wrote artifact SemanticManifest to /Users/annaborisenko/Documents/new_job_project_26/dbt_pipeline/dbt-ecommerce-project/target/semantic_manifest.json
[0m17:49:42.671292 [debug] [MainThread]: Wrote artifact RunExecutionResult to /Users/annaborisenko/Documents/new_job_project_26/dbt_pipeline/dbt-ecommerce-project/target/run_results.json
[0m17:49:42.671627 [info ] [MainThread]: 
[0m17:49:42.671973 [info ] [MainThread]: [32mCompleted successfully[0m
[0m17:49:42.672257 [info ] [MainThread]: 
[0m17:49:42.672559 [info ] [MainThread]: Done. PASS=7 WARN=0 ERROR=0 SKIP=0 NO-OP=0 TOTAL=7
[0m17:49:42.675788 [debug] [MainThread]: Resource report: {"command_name": "run", "command_success": true, "command_wall_clock_time": 2.4045107, "process_in_blocks": "0", "process_kernel_time": 0.316946, "process_mem_max_rss": "124960768", "process_out_blocks": "0", "process_user_time": 1.934793}
[0m17:49:42.676359 [debug] [MainThread]: Command `dbt run` succeeded at 17:49:42.676279 after 2.41 seconds
[0m17:49:42.676719 [debug] [MainThread]: Sending event: {'category': 'dbt', 'action': 'invocation', 'label': 'end', 'context': [<snowplow_tracker.self_describing_json.SelfDescribingJson object at 0x7f829a100eb0>, <snowplow_tracker.self_describing_json.SelfDescribingJson object at 0x7f8248765790>, <snowplow_tracker.self_describing_json.SelfDescribingJson object at 0x7f82886538e0>]}
[0m17:49:42.677052 [debug] [MainThread]: Flushing usage events
[0m17:49:43.294538 [debug] [MainThread]: An error was encountered while trying to flush usage events
[0m17:51:20.845192 [debug] [MainThread]: Sending event: {'category': 'dbt', 'action': 'invocation', 'label': 'start', 'context': [<snowplow_tracker.self_describing_json.SelfDescribingJson object at 0x7fc858fe9ee0>, <snowplow_tracker.self_describing_json.SelfDescribingJson object at 0x7fc85878baf0>, <snowplow_tracker.self_describing_json.SelfDescribingJson object at 0x7fc85878b490>]}


============================== 17:51:20.852179 | ffd1dfd0-e71b-4651-8a77-38dcc9c56afc ==============================
[0m17:51:20.852179 [info ] [MainThread]: Running with dbt=1.10.20
[0m17:51:20.852886 [debug] [MainThread]: running dbt with arguments {'log_path': '/Users/annaborisenko/Documents/new_job_project_26/dbt_pipeline/dbt-ecommerce-project/logs', 'quiet': 'False', 'send_anonymous_usage_stats': 'True', 'log_cache_events': 'False', 'static_parser': 'True', 'invocation_command': 'dbt test', 'version_check': 'True', 'debug': 'False', 'profiles_dir': '/Users/annaborisenko/Documents/new_job_project_26/dbt_pipeline/dbt-ecommerce-project', 'partial_parse': 'True', 'indirect_selection': 'eager', 'no_print': 'None', 'log_format': 'default', 'target_path': 'None', 'introspect': 'True', 'fail_fast': 'False', 'empty': 'None', 'use_colors': 'True', 'printer_width': '80', 'warn_error_options': 'WarnErrorOptionsV2(error=[], warn=[], silence=[])', 'use_experimental_parser': 'False', 'write_json': 'True', 'warn_error': 'None', 'cache_selected_only': 'False'}
[0m17:51:21.088218 [debug] [MainThread]: Sending event: {'category': 'dbt', 'action': 'project_id', 'label': 'ffd1dfd0-e71b-4651-8a77-38dcc9c56afc', 'context': [<snowplow_tracker.self_describing_json.SelfDescribingJson object at 0x7fc879bd0790>]}
[0m17:51:21.134127 [debug] [MainThread]: Sending event: {'category': 'dbt', 'action': 'adapter_info', 'label': 'ffd1dfd0-e71b-4651-8a77-38dcc9c56afc', 'context': [<snowplow_tracker.self_describing_json.SelfDescribingJson object at 0x7fc879b87af0>]}
[0m17:51:21.134975 [info ] [MainThread]: Registered adapter: clickhouse=1.9.8
[0m17:51:21.253255 [debug] [MainThread]: checksum: a2dd717d56b7fa105aa967460f8408a71460d755763c8570e48c01c133187aea, vars: {}, profile: , target: , version: 1.10.20
[0m17:51:21.385499 [debug] [MainThread]: Partial parsing enabled: 0 files deleted, 0 files added, 0 files changed.
[0m17:51:21.385997 [debug] [MainThread]: Partial parsing enabled, no changes found, skipping parsing
[0m17:51:21.435504 [debug] [MainThread]: Sending event: {'category': 'dbt', 'action': 'load_project', 'label': 'ffd1dfd0-e71b-4651-8a77-38dcc9c56afc', 'context': [<snowplow_tracker.self_describing_json.SelfDescribingJson object at 0x7fc879d6d130>]}
[0m17:51:21.522097 [debug] [MainThread]: Wrote artifact WritableManifest to /Users/annaborisenko/Documents/new_job_project_26/dbt_pipeline/dbt-ecommerce-project/target/manifest.json
[0m17:51:21.524562 [debug] [MainThread]: Wrote artifact SemanticManifest to /Users/annaborisenko/Documents/new_job_project_26/dbt_pipeline/dbt-ecommerce-project/target/semantic_manifest.json
[0m17:51:21.545952 [debug] [MainThread]: Sending event: {'category': 'dbt', 'action': 'resource_counts', 'label': 'ffd1dfd0-e71b-4651-8a77-38dcc9c56afc', 'context': [<snowplow_tracker.self_describing_json.SelfDescribingJson object at 0x7fc868a2e670>]}
[0m17:51:21.546449 [info ] [MainThread]: Found 7 models, 4 data tests, 1 seed, 486 macros
[0m17:51:21.546762 [debug] [MainThread]: Sending event: {'category': 'dbt', 'action': 'runnable_timing', 'label': 'ffd1dfd0-e71b-4651-8a77-38dcc9c56afc', 'context': [<snowplow_tracker.self_describing_json.SelfDescribingJson object at 0x7fc879ce33d0>]}
[0m17:51:21.548034 [info ] [MainThread]: 
[0m17:51:21.548361 [info ] [MainThread]: Concurrency: 1 threads (target='dev')
[0m17:51:21.548619 [info ] [MainThread]: 
[0m17:51:21.549064 [debug] [MainThread]: Acquiring new clickhouse connection 'master'
[0m17:51:21.556353 [debug] [ThreadPool]: Acquiring new clickhouse connection 'list__default'
[0m17:51:21.567493 [debug] [ThreadPool]: Opening a new connection, currently in state init
[0m17:51:21.735132 [debug] [ThreadPool]: dbt_clickhouse adapter: On list__default: /* {"app": "dbt", "dbt_version": "1.10.20", "profile_name": "ecommerce_profile", "target_name": "dev", "connection_name": "list__default"} */
select
      t.name as name,
      t.database as schema,
      multiIf(
        engine in ('MaterializedView', 'View'), 'view',
        engine = 'Dictionary', 'dictionary',
        'table'
      ) as type,
      db.engine as db_engine,0 as is_on_cluster
          from system.tables as t join system.databases as db on t.database = db.name
        where schema = 'default'
      

  ...
[0m17:51:21.741921 [debug] [ThreadPool]: dbt_clickhouse adapter: SQL status: OK in 0.01 seconds
[0m17:51:21.758888 [debug] [MainThread]: Sending event: {'category': 'dbt', 'action': 'runnable_timing', 'label': 'ffd1dfd0-e71b-4651-8a77-38dcc9c56afc', 'context': [<snowplow_tracker.self_describing_json.SelfDescribingJson object at 0x7fc868a2e8e0>]}
[0m17:51:21.761292 [debug] [Thread-1  ]: Began running node test.ecommerce_dbt.no_negative_values
[0m17:51:21.761731 [info ] [Thread-1  ]: 1 of 4 START test no_negative_values ........................................... [RUN]
[0m17:51:21.762199 [debug] [Thread-1  ]: Re-using an available connection from the pool (formerly list__default, now test.ecommerce_dbt.no_negative_values)
[0m17:51:21.762600 [debug] [Thread-1  ]: Began compiling node test.ecommerce_dbt.no_negative_values
[0m17:51:21.769709 [debug] [Thread-1  ]: Writing injected SQL for node "test.ecommerce_dbt.no_negative_values"
[0m17:51:21.771860 [debug] [Thread-1  ]: Began executing node test.ecommerce_dbt.no_negative_values
[0m17:51:21.787518 [debug] [Thread-1  ]: Writing runtime sql for node "test.ecommerce_dbt.no_negative_values"
[0m17:51:21.789269 [debug] [Thread-1  ]: dbt_clickhouse adapter: On test.ecommerce_dbt.no_negative_values: /* {"app": "dbt", "dbt_version": "1.10.20", "profile_name": "ecommerce_profile", "target_name": "dev", "node_id": "test.ecommerce_dbt.no_negative_values"} */

    
    select
      count(*) as failures,
      count(*) != 0 as should_warn,
      count(*) != 0 as should_error
    from (
      
    
  -- tests/no_negative_values.sql
select *
from `default`.`stg_orders`
where order_value < 0
  
  
    ) dbt_internal_test...
[0m17:51:21.803333 [debug] [Thread-1  ]: dbt_clickhouse adapter: SQL status: OK in 0.01 seconds
[0m17:51:21.807153 [info ] [Thread-1  ]: 1 of 4 PASS no_negative_values ................................................. [[32mPASS[0m in 0.04s]
[0m17:51:21.807709 [debug] [Thread-1  ]: Finished running node test.ecommerce_dbt.no_negative_values
[0m17:51:21.808068 [debug] [Thread-1  ]: Began running node test.ecommerce_dbt.not_null_stg_delivery_delivery_time_min.076af4c7bb
[0m17:51:21.808565 [info ] [Thread-1  ]: 2 of 4 START test not_null_stg_delivery_delivery_time_min ...................... [RUN]
[0m17:51:21.809151 [debug] [Thread-1  ]: Re-using an available connection from the pool (formerly test.ecommerce_dbt.no_negative_values, now test.ecommerce_dbt.not_null_stg_delivery_delivery_time_min.076af4c7bb)
[0m17:51:21.809505 [debug] [Thread-1  ]: Began compiling node test.ecommerce_dbt.not_null_stg_delivery_delivery_time_min.076af4c7bb
[0m17:51:21.818583 [debug] [Thread-1  ]: Writing injected SQL for node "test.ecommerce_dbt.not_null_stg_delivery_delivery_time_min.076af4c7bb"
[0m17:51:21.820672 [debug] [Thread-1  ]: Began executing node test.ecommerce_dbt.not_null_stg_delivery_delivery_time_min.076af4c7bb
[0m17:51:21.824497 [debug] [Thread-1  ]: Writing runtime sql for node "test.ecommerce_dbt.not_null_stg_delivery_delivery_time_min.076af4c7bb"
[0m17:51:21.830103 [debug] [Thread-1  ]: dbt_clickhouse adapter: On test.ecommerce_dbt.not_null_stg_delivery_delivery_time_min.076af4c7bb: /* {"app": "dbt", "dbt_version": "1.10.20", "profile_name": "ecommerce_profile", "target_name": "dev", "node_id": "test.ecommerce_dbt.not_null_stg_delivery_delivery_time_min.076af4c7bb"} */

    
    select
      count(*) as failures,
      count(*) != 0 as should_warn,
      count(*) != 0 as should_error
    from (
      
    
  
    
    



select delivery_time_min
from `default`.`stg_delivery`
where delivery_time_min is null



  
  
    ) dbt_internal_test...
[0m17:51:21.836419 [debug] [Thread-1  ]: dbt_clickhouse adapter: SQL status: OK in 0.01 seconds
[0m17:51:21.838214 [info ] [Thread-1  ]: 2 of 4 PASS not_null_stg_delivery_delivery_time_min ............................ [[32mPASS[0m in 0.03s]
[0m17:51:21.838805 [debug] [Thread-1  ]: Finished running node test.ecommerce_dbt.not_null_stg_delivery_delivery_time_min.076af4c7bb
[0m17:51:21.839179 [debug] [Thread-1  ]: Began running node test.ecommerce_dbt.not_null_stg_orders_order_id.81cfe2fe64
[0m17:51:21.839549 [info ] [Thread-1  ]: 3 of 4 START test not_null_stg_orders_order_id ................................. [RUN]
[0m17:51:21.839937 [debug] [Thread-1  ]: Re-using an available connection from the pool (formerly test.ecommerce_dbt.not_null_stg_delivery_delivery_time_min.076af4c7bb, now test.ecommerce_dbt.not_null_stg_orders_order_id.81cfe2fe64)
[0m17:51:21.840266 [debug] [Thread-1  ]: Began compiling node test.ecommerce_dbt.not_null_stg_orders_order_id.81cfe2fe64
[0m17:51:21.844177 [debug] [Thread-1  ]: Writing injected SQL for node "test.ecommerce_dbt.not_null_stg_orders_order_id.81cfe2fe64"
[0m17:51:21.845896 [debug] [Thread-1  ]: Began executing node test.ecommerce_dbt.not_null_stg_orders_order_id.81cfe2fe64
[0m17:51:21.851804 [debug] [Thread-1  ]: Writing runtime sql for node "test.ecommerce_dbt.not_null_stg_orders_order_id.81cfe2fe64"
[0m17:51:21.853632 [debug] [Thread-1  ]: dbt_clickhouse adapter: On test.ecommerce_dbt.not_null_stg_orders_order_id.81cfe2fe64: /* {"app": "dbt", "dbt_version": "1.10.20", "profile_name": "ecommerce_profile", "target_name": "dev", "node_id": "test.ecommerce_dbt.not_null_stg_orders_order_id.81cfe2fe64"} */

    
    select
      count(*) as failures,
      count(*) != 0 as should_warn,
      count(*) != 0 as should_error
    from (
      
    
  
    
    



select order_id
from `default`.`stg_orders`
where order_id is null



  
  
    ) dbt_internal_test...
[0m17:51:21.860369 [debug] [Thread-1  ]: dbt_clickhouse adapter: SQL status: OK in 0.01 seconds
[0m17:51:21.861866 [info ] [Thread-1  ]: 3 of 4 PASS not_null_stg_orders_order_id ....................................... [[32mPASS[0m in 0.02s]
[0m17:51:21.862388 [debug] [Thread-1  ]: Finished running node test.ecommerce_dbt.not_null_stg_orders_order_id.81cfe2fe64
[0m17:51:21.862734 [debug] [Thread-1  ]: Began running node test.ecommerce_dbt.unique_stg_orders_order_id.e3b841c71a
[0m17:51:21.863360 [info ] [Thread-1  ]: 4 of 4 START test unique_stg_orders_order_id ................................... [RUN]
[0m17:51:21.863908 [debug] [Thread-1  ]: Re-using an available connection from the pool (formerly test.ecommerce_dbt.not_null_stg_orders_order_id.81cfe2fe64, now test.ecommerce_dbt.unique_stg_orders_order_id.e3b841c71a)
[0m17:51:21.864308 [debug] [Thread-1  ]: Began compiling node test.ecommerce_dbt.unique_stg_orders_order_id.e3b841c71a
[0m17:51:21.869632 [debug] [Thread-1  ]: Writing injected SQL for node "test.ecommerce_dbt.unique_stg_orders_order_id.e3b841c71a"
[0m17:51:21.870917 [debug] [Thread-1  ]: Began executing node test.ecommerce_dbt.unique_stg_orders_order_id.e3b841c71a
[0m17:51:21.873140 [debug] [Thread-1  ]: Writing runtime sql for node "test.ecommerce_dbt.unique_stg_orders_order_id.e3b841c71a"
[0m17:51:21.876387 [debug] [Thread-1  ]: dbt_clickhouse adapter: On test.ecommerce_dbt.unique_stg_orders_order_id.e3b841c71a: /* {"app": "dbt", "dbt_version": "1.10.20", "profile_name": "ecommerce_profile", "target_name": "dev", "node_id": "test.ecommerce_dbt.unique_stg_orders_order_id.e3b841c71a"} */

    
    select
      count(*) as failures,
      count(*) != 0 as should_warn,
      count(*) != 0 as should_error
    from (
      
    
  
    
    

select
    order_id as unique_field,
    count(*) as n_records

from `default`.`stg_orders`
where order_id is not null
group by order_id
having count(*) > 1



  
  
    ) dbt_internal_test...
[0m17:51:21.939359 [debug] [Thread-1  ]: dbt_clickhouse adapter: SQL status: OK in 0.06 seconds
[0m17:51:21.941035 [info ] [Thread-1  ]: 4 of 4 PASS unique_stg_orders_order_id ......................................... [[32mPASS[0m in 0.08s]
[0m17:51:21.941789 [debug] [Thread-1  ]: Finished running node test.ecommerce_dbt.unique_stg_orders_order_id.e3b841c71a
[0m17:51:21.942845 [debug] [MainThread]: Connection 'master' was properly closed.
[0m17:51:21.943282 [debug] [MainThread]: Connection 'test.ecommerce_dbt.unique_stg_orders_order_id.e3b841c71a' was left open.
[0m17:51:21.943662 [debug] [MainThread]: On test.ecommerce_dbt.unique_stg_orders_order_id.e3b841c71a: Close
[0m17:51:21.944034 [info ] [MainThread]: 
[0m17:51:21.944320 [info ] [MainThread]: Finished running 4 data tests in 0 hours 0 minutes and 0.40 seconds (0.40s).
[0m17:51:21.945254 [debug] [MainThread]: Command end result
[0m17:51:21.971447 [debug] [MainThread]: Wrote artifact WritableManifest to /Users/annaborisenko/Documents/new_job_project_26/dbt_pipeline/dbt-ecommerce-project/target/manifest.json
[0m17:51:21.973193 [debug] [MainThread]: Wrote artifact SemanticManifest to /Users/annaborisenko/Documents/new_job_project_26/dbt_pipeline/dbt-ecommerce-project/target/semantic_manifest.json
[0m17:51:21.980026 [debug] [MainThread]: Wrote artifact RunExecutionResult to /Users/annaborisenko/Documents/new_job_project_26/dbt_pipeline/dbt-ecommerce-project/target/run_results.json
[0m17:51:21.980553 [info ] [MainThread]: 
[0m17:51:21.981152 [info ] [MainThread]: [32mCompleted successfully[0m
[0m17:51:21.981535 [info ] [MainThread]: 
[0m17:51:21.981886 [info ] [MainThread]: Done. PASS=4 WARN=0 ERROR=0 SKIP=0 NO-OP=0 TOTAL=4
[0m17:51:21.985248 [debug] [MainThread]: Resource report: {"command_name": "test", "command_success": true, "command_wall_clock_time": 1.232554, "process_in_blocks": "0", "process_kernel_time": 0.30874, "process_mem_max_rss": "126025728", "process_out_blocks": "0", "process_user_time": 1.798546}
[0m17:51:21.985989 [debug] [MainThread]: Command `dbt test` succeeded at 17:51:21.985877 after 1.23 seconds
[0m17:51:21.986551 [debug] [MainThread]: Sending event: {'category': 'dbt', 'action': 'invocation', 'label': 'end', 'context': [<snowplow_tracker.self_describing_json.SelfDescribingJson object at 0x7fc858fe9ee0>, <snowplow_tracker.self_describing_json.SelfDescribingJson object at 0x7fc879b87af0>, <snowplow_tracker.self_describing_json.SelfDescribingJson object at 0x7fc878c5aeb0>]}
[0m17:51:21.986983 [debug] [MainThread]: Flushing usage events
[0m17:51:22.562714 [debug] [MainThread]: An error was encountered while trying to flush usage events
[0m17:52:11.580518 [debug] [MainThread]: Sending event: {'category': 'dbt', 'action': 'invocation', 'label': 'start', 'context': [<snowplow_tracker.self_describing_json.SelfDescribingJson object at 0x7f8220399f40>, <snowplow_tracker.self_describing_json.SelfDescribingJson object at 0x7f82028bc340>, <snowplow_tracker.self_describing_json.SelfDescribingJson object at 0x7f82028bccd0>]}


============================== 17:52:11.587547 | 6a21cc82-f3e0-4252-ba33-4eef2d67237e ==============================
[0m17:52:11.587547 [info ] [MainThread]: Running with dbt=1.10.20
[0m17:52:11.588174 [debug] [MainThread]: running dbt with arguments {'introspect': 'True', 'profiles_dir': '/Users/annaborisenko/Documents/new_job_project_26/dbt_pipeline/dbt-ecommerce-project', 'cache_selected_only': 'False', 'debug': 'False', 'log_path': '/Users/annaborisenko/Documents/new_job_project_26/dbt_pipeline/dbt-ecommerce-project/logs', 'no_print': 'None', 'quiet': 'False', 'version_check': 'True', 'write_json': 'True', 'fail_fast': 'False', 'warn_error_options': 'WarnErrorOptionsV2(error=[], warn=[], silence=[])', 'printer_width': '80', 'empty': 'None', 'target_path': 'None', 'indirect_selection': 'eager', 'static_parser': 'True', 'use_colors': 'True', 'send_anonymous_usage_stats': 'True', 'partial_parse': 'True', 'log_cache_events': 'False', 'log_format': 'default', 'invocation_command': 'dbt docs generate', 'use_experimental_parser': 'False', 'warn_error': 'None'}
[0m17:52:11.810475 [debug] [MainThread]: Sending event: {'category': 'dbt', 'action': 'project_id', 'label': '6a21cc82-f3e0-4252-ba33-4eef2d67237e', 'context': [<snowplow_tracker.self_describing_json.SelfDescribingJson object at 0x7f8210418970>]}
[0m17:52:11.857806 [debug] [MainThread]: Sending event: {'category': 'dbt', 'action': 'adapter_info', 'label': '6a21cc82-f3e0-4252-ba33-4eef2d67237e', 'context': [<snowplow_tracker.self_describing_json.SelfDescribingJson object at 0x7f8202910eb0>]}
[0m17:52:11.859025 [info ] [MainThread]: Registered adapter: clickhouse=1.9.8
[0m17:52:11.985531 [debug] [MainThread]: checksum: a2dd717d56b7fa105aa967460f8408a71460d755763c8570e48c01c133187aea, vars: {}, profile: , target: , version: 1.10.20
[0m17:52:12.140473 [debug] [MainThread]: Partial parsing enabled: 0 files deleted, 0 files added, 0 files changed.
[0m17:52:12.140969 [debug] [MainThread]: Partial parsing enabled, no changes found, skipping parsing
[0m17:52:12.194392 [debug] [MainThread]: Sending event: {'category': 'dbt', 'action': 'load_project', 'label': '6a21cc82-f3e0-4252-ba33-4eef2d67237e', 'context': [<snowplow_tracker.self_describing_json.SelfDescribingJson object at 0x7f821058e130>]}
[0m17:52:12.210543 [debug] [MainThread]: Sending event: {'category': 'dbt', 'action': 'resource_counts', 'label': '6a21cc82-f3e0-4252-ba33-4eef2d67237e', 'context': [<snowplow_tracker.self_describing_json.SelfDescribingJson object at 0x7f8210561040>]}
[0m17:52:12.211059 [info ] [MainThread]: Found 7 models, 4 data tests, 1 seed, 486 macros
[0m17:52:12.211387 [debug] [MainThread]: Sending event: {'category': 'dbt', 'action': 'runnable_timing', 'label': '6a21cc82-f3e0-4252-ba33-4eef2d67237e', 'context': [<snowplow_tracker.self_describing_json.SelfDescribingJson object at 0x7f8210561340>]}
[0m17:52:12.212766 [info ] [MainThread]: 
[0m17:52:12.213104 [info ] [MainThread]: Concurrency: 1 threads (target='dev')
[0m17:52:12.213373 [info ] [MainThread]: 
[0m17:52:12.213811 [debug] [MainThread]: Acquiring new clickhouse connection 'master'
[0m17:52:12.219470 [debug] [ThreadPool]: Acquiring new clickhouse connection 'list__default'
[0m17:52:12.233814 [debug] [ThreadPool]: Opening a new connection, currently in state init
[0m17:52:12.362141 [debug] [ThreadPool]: dbt_clickhouse adapter: On list__default: /* {"app": "dbt", "dbt_version": "1.10.20", "profile_name": "ecommerce_profile", "target_name": "dev", "connection_name": "list__default"} */
select
      t.name as name,
      t.database as schema,
      multiIf(
        engine in ('MaterializedView', 'View'), 'view',
        engine = 'Dictionary', 'dictionary',
        'table'
      ) as type,
      db.engine as db_engine,0 as is_on_cluster
          from system.tables as t join system.databases as db on t.database = db.name
        where schema = 'default'
      

  ...
[0m17:52:12.370181 [debug] [ThreadPool]: dbt_clickhouse adapter: SQL status: OK in 0.01 seconds
[0m17:52:12.386213 [debug] [MainThread]: Sending event: {'category': 'dbt', 'action': 'runnable_timing', 'label': '6a21cc82-f3e0-4252-ba33-4eef2d67237e', 'context': [<snowplow_tracker.self_describing_json.SelfDescribingJson object at 0x7f8210545fa0>]}
[0m17:52:12.388573 [debug] [Thread-1  ]: Began running node seed.ecommerce_dbt.quick_commerce
[0m17:52:12.389008 [debug] [Thread-1  ]: Re-using an available connection from the pool (formerly list__default, now seed.ecommerce_dbt.quick_commerce)
[0m17:52:12.389348 [debug] [Thread-1  ]: Began compiling node seed.ecommerce_dbt.quick_commerce
[0m17:52:12.395584 [debug] [Thread-1  ]: Began executing node seed.ecommerce_dbt.quick_commerce
[0m17:52:12.396256 [debug] [Thread-1  ]: Finished running node seed.ecommerce_dbt.quick_commerce
[0m17:52:12.396913 [debug] [Thread-1  ]: Began running node model.ecommerce_dbt.stg_customers
[0m17:52:12.397749 [debug] [Thread-1  ]: Re-using an available connection from the pool (formerly seed.ecommerce_dbt.quick_commerce, now model.ecommerce_dbt.stg_customers)
[0m17:52:12.398077 [debug] [Thread-1  ]: Began compiling node model.ecommerce_dbt.stg_customers
[0m17:52:12.438042 [debug] [Thread-1  ]: Writing injected SQL for node "model.ecommerce_dbt.stg_customers"
[0m17:52:12.440002 [debug] [Thread-1  ]: Began executing node model.ecommerce_dbt.stg_customers
[0m17:52:12.440740 [debug] [Thread-1  ]: Finished running node model.ecommerce_dbt.stg_customers
[0m17:52:12.441125 [debug] [Thread-1  ]: Began running node model.ecommerce_dbt.stg_delivery
[0m17:52:12.441688 [debug] [Thread-1  ]: Re-using an available connection from the pool (formerly model.ecommerce_dbt.stg_customers, now model.ecommerce_dbt.stg_delivery)
[0m17:52:12.442047 [debug] [Thread-1  ]: Began compiling node model.ecommerce_dbt.stg_delivery
[0m17:52:12.444786 [debug] [Thread-1  ]: Writing injected SQL for node "model.ecommerce_dbt.stg_delivery"
[0m17:52:12.445994 [debug] [Thread-1  ]: Began executing node model.ecommerce_dbt.stg_delivery
[0m17:52:12.446644 [debug] [Thread-1  ]: Finished running node model.ecommerce_dbt.stg_delivery
[0m17:52:12.447004 [debug] [Thread-1  ]: Began running node model.ecommerce_dbt.stg_orders
[0m17:52:12.447458 [debug] [Thread-1  ]: Re-using an available connection from the pool (formerly model.ecommerce_dbt.stg_delivery, now model.ecommerce_dbt.stg_orders)
[0m17:52:12.447803 [debug] [Thread-1  ]: Began compiling node model.ecommerce_dbt.stg_orders
[0m17:52:12.450406 [debug] [Thread-1  ]: Writing injected SQL for node "model.ecommerce_dbt.stg_orders"
[0m17:52:12.451637 [debug] [Thread-1  ]: Began executing node model.ecommerce_dbt.stg_orders
[0m17:52:12.452227 [debug] [Thread-1  ]: Finished running node model.ecommerce_dbt.stg_orders
[0m17:52:12.452592 [debug] [Thread-1  ]: Began running node model.ecommerce_dbt.dim_customers
[0m17:52:12.453061 [debug] [Thread-1  ]: Re-using an available connection from the pool (formerly model.ecommerce_dbt.stg_orders, now model.ecommerce_dbt.dim_customers)
[0m17:52:12.453399 [debug] [Thread-1  ]: Began compiling node model.ecommerce_dbt.dim_customers
[0m17:52:12.456308 [debug] [Thread-1  ]: Writing injected SQL for node "model.ecommerce_dbt.dim_customers"
[0m17:52:12.458088 [debug] [Thread-1  ]: Began executing node model.ecommerce_dbt.dim_customers
[0m17:52:12.458698 [debug] [Thread-1  ]: Finished running node model.ecommerce_dbt.dim_customers
[0m17:52:12.459067 [debug] [Thread-1  ]: Began running node test.ecommerce_dbt.not_null_stg_delivery_delivery_time_min.076af4c7bb
[0m17:52:12.459457 [debug] [Thread-1  ]: Re-using an available connection from the pool (formerly model.ecommerce_dbt.dim_customers, now test.ecommerce_dbt.not_null_stg_delivery_delivery_time_min.076af4c7bb)
[0m17:52:12.459795 [debug] [Thread-1  ]: Began compiling node test.ecommerce_dbt.not_null_stg_delivery_delivery_time_min.076af4c7bb
[0m17:52:12.469801 [debug] [Thread-1  ]: Writing injected SQL for node "test.ecommerce_dbt.not_null_stg_delivery_delivery_time_min.076af4c7bb"
[0m17:52:12.471223 [debug] [Thread-1  ]: Began executing node test.ecommerce_dbt.not_null_stg_delivery_delivery_time_min.076af4c7bb
[0m17:52:12.472106 [debug] [Thread-1  ]: Finished running node test.ecommerce_dbt.not_null_stg_delivery_delivery_time_min.076af4c7bb
[0m17:52:12.473021 [debug] [Thread-1  ]: Began running node model.ecommerce_dbt.int_orders_enriched
[0m17:52:12.473615 [debug] [Thread-1  ]: Re-using an available connection from the pool (formerly test.ecommerce_dbt.not_null_stg_delivery_delivery_time_min.076af4c7bb, now model.ecommerce_dbt.int_orders_enriched)
[0m17:52:12.474061 [debug] [Thread-1  ]: Began compiling node model.ecommerce_dbt.int_orders_enriched
[0m17:52:12.477131 [debug] [Thread-1  ]: Writing injected SQL for node "model.ecommerce_dbt.int_orders_enriched"
[0m17:52:12.479846 [debug] [Thread-1  ]: Began executing node model.ecommerce_dbt.int_orders_enriched
[0m17:52:12.480520 [debug] [Thread-1  ]: Finished running node model.ecommerce_dbt.int_orders_enriched
[0m17:52:12.480902 [debug] [Thread-1  ]: Began running node test.ecommerce_dbt.no_negative_values
[0m17:52:12.481394 [debug] [Thread-1  ]: Re-using an available connection from the pool (formerly model.ecommerce_dbt.int_orders_enriched, now test.ecommerce_dbt.no_negative_values)
[0m17:52:12.481735 [debug] [Thread-1  ]: Began compiling node test.ecommerce_dbt.no_negative_values
[0m17:52:12.485677 [debug] [Thread-1  ]: Writing injected SQL for node "test.ecommerce_dbt.no_negative_values"
[0m17:52:12.486779 [debug] [Thread-1  ]: Began executing node test.ecommerce_dbt.no_negative_values
[0m17:52:12.487363 [debug] [Thread-1  ]: Finished running node test.ecommerce_dbt.no_negative_values
[0m17:52:12.487710 [debug] [Thread-1  ]: Began running node test.ecommerce_dbt.not_null_stg_orders_order_id.81cfe2fe64
[0m17:52:12.488068 [debug] [Thread-1  ]: Re-using an available connection from the pool (formerly test.ecommerce_dbt.no_negative_values, now test.ecommerce_dbt.not_null_stg_orders_order_id.81cfe2fe64)
[0m17:52:12.488377 [debug] [Thread-1  ]: Began compiling node test.ecommerce_dbt.not_null_stg_orders_order_id.81cfe2fe64
[0m17:52:12.491831 [debug] [Thread-1  ]: Writing injected SQL for node "test.ecommerce_dbt.not_null_stg_orders_order_id.81cfe2fe64"
[0m17:52:12.492796 [debug] [Thread-1  ]: Began executing node test.ecommerce_dbt.not_null_stg_orders_order_id.81cfe2fe64
[0m17:52:12.493345 [debug] [Thread-1  ]: Finished running node test.ecommerce_dbt.not_null_stg_orders_order_id.81cfe2fe64
[0m17:52:12.494777 [debug] [Thread-1  ]: Began running node test.ecommerce_dbt.unique_stg_orders_order_id.e3b841c71a
[0m17:52:12.495156 [debug] [Thread-1  ]: Re-using an available connection from the pool (formerly test.ecommerce_dbt.not_null_stg_orders_order_id.81cfe2fe64, now test.ecommerce_dbt.unique_stg_orders_order_id.e3b841c71a)
[0m17:52:12.495640 [debug] [Thread-1  ]: Began compiling node test.ecommerce_dbt.unique_stg_orders_order_id.e3b841c71a
[0m17:52:12.500531 [debug] [Thread-1  ]: Writing injected SQL for node "test.ecommerce_dbt.unique_stg_orders_order_id.e3b841c71a"
[0m17:52:12.501846 [debug] [Thread-1  ]: Began executing node test.ecommerce_dbt.unique_stg_orders_order_id.e3b841c71a
[0m17:52:12.502352 [debug] [Thread-1  ]: Finished running node test.ecommerce_dbt.unique_stg_orders_order_id.e3b841c71a
[0m17:52:12.502665 [debug] [Thread-1  ]: Began running node model.ecommerce_dbt.fct_orders
[0m17:52:12.503000 [debug] [Thread-1  ]: Re-using an available connection from the pool (formerly test.ecommerce_dbt.unique_stg_orders_order_id.e3b841c71a, now model.ecommerce_dbt.fct_orders)
[0m17:52:12.503594 [debug] [Thread-1  ]: Began compiling node model.ecommerce_dbt.fct_orders
[0m17:52:12.506336 [debug] [Thread-1  ]: Writing injected SQL for node "model.ecommerce_dbt.fct_orders"
[0m17:52:12.507623 [debug] [Thread-1  ]: Began executing node model.ecommerce_dbt.fct_orders
[0m17:52:12.508212 [debug] [Thread-1  ]: Finished running node model.ecommerce_dbt.fct_orders
[0m17:52:12.509047 [debug] [Thread-1  ]: Began running node model.ecommerce_dbt.kpi_metrics
[0m17:52:12.509565 [debug] [Thread-1  ]: Re-using an available connection from the pool (formerly model.ecommerce_dbt.fct_orders, now model.ecommerce_dbt.kpi_metrics)
[0m17:52:12.510017 [debug] [Thread-1  ]: Began compiling node model.ecommerce_dbt.kpi_metrics
[0m17:52:12.512818 [debug] [Thread-1  ]: Writing injected SQL for node "model.ecommerce_dbt.kpi_metrics"
[0m17:52:12.516754 [debug] [Thread-1  ]: Began executing node model.ecommerce_dbt.kpi_metrics
[0m17:52:12.517405 [debug] [Thread-1  ]: Finished running node model.ecommerce_dbt.kpi_metrics
[0m17:52:12.518280 [debug] [MainThread]: Connection 'master' was properly closed.
[0m17:52:12.518703 [debug] [MainThread]: Connection 'model.ecommerce_dbt.kpi_metrics' was left open.
[0m17:52:12.518994 [debug] [MainThread]: On model.ecommerce_dbt.kpi_metrics: Close
[0m17:52:12.520755 [debug] [MainThread]: Command end result
[0m17:52:12.615790 [debug] [MainThread]: Wrote artifact WritableManifest to /Users/annaborisenko/Documents/new_job_project_26/dbt_pipeline/dbt-ecommerce-project/target/manifest.json
[0m17:52:12.618332 [debug] [MainThread]: Wrote artifact SemanticManifest to /Users/annaborisenko/Documents/new_job_project_26/dbt_pipeline/dbt-ecommerce-project/target/semantic_manifest.json
[0m17:52:12.625897 [debug] [MainThread]: Wrote artifact RunExecutionResult to /Users/annaborisenko/Documents/new_job_project_26/dbt_pipeline/dbt-ecommerce-project/target/run_results.json
[0m17:52:12.631874 [debug] [MainThread]: Acquiring new clickhouse connection 'generate_catalog'
[0m17:52:12.632322 [info ] [MainThread]: Building catalog
[0m17:52:12.638647 [debug] [MainThread]: Opening a new connection, currently in state init
[0m17:52:12.677967 [debug] [MainThread]: dbt_clickhouse adapter: On generate_catalog: /* {"app": "dbt", "dbt_version": "1.10.20", "profile_name": "ecommerce_profile", "target_name": "dev", "connection_name": "generate_catalog"} */
select
      '' as table_database,
      columns.database as table_schema,
      columns.table as table_name,
      if(tables.engine not in ('MaterializedView', 'View'), 'table', 'view') as table_type,
      nullIf(tables.comment, '') as table_comment,
      columns.name as column_name,
      columns.position as column_index,
      columns.type as column_type,
      nullIf(columns.comment, '') as column_comment,
      null as table_owner
    from system.columns as columns
    join system.tables as tables on tables.database = columns.database and tables.name = columns.table
    where database != 'system' and
    (columns.database = 'default')
    order by columns.database, columns.table, columns.position...
[0m17:52:12.716269 [debug] [MainThread]: dbt_clickhouse adapter: SQL status: OK in 0.04 seconds
[0m17:52:12.731731 [debug] [MainThread]: Wrote artifact CatalogArtifact to /Users/annaborisenko/Documents/new_job_project_26/dbt_pipeline/dbt-ecommerce-project/target/catalog.json
[0m17:52:12.760211 [debug] [MainThread]: Wrote artifact WritableManifest to /Users/annaborisenko/Documents/new_job_project_26/dbt_pipeline/dbt-ecommerce-project/target/manifest.json
[0m17:52:12.762168 [debug] [MainThread]: Wrote artifact SemanticManifest to /Users/annaborisenko/Documents/new_job_project_26/dbt_pipeline/dbt-ecommerce-project/target/semantic_manifest.json
[0m17:52:12.762555 [info ] [MainThread]: Catalog written to /Users/annaborisenko/Documents/new_job_project_26/dbt_pipeline/dbt-ecommerce-project/target/catalog.json
[0m17:52:12.767685 [debug] [MainThread]: Resource report: {"command_name": "generate", "command_success": true, "command_wall_clock_time": 1.2779435, "process_in_blocks": "0", "process_kernel_time": 0.311447, "process_mem_max_rss": "127746048", "process_out_blocks": "0", "process_user_time": 1.845714}
[0m17:52:12.768463 [debug] [MainThread]: Command `dbt docs generate` succeeded at 17:52:12.768364 after 1.28 seconds
[0m17:52:12.769095 [debug] [MainThread]: Connection 'generate_catalog' was left open.
[0m17:52:12.769647 [debug] [MainThread]: On generate_catalog: Close
[0m17:52:12.770174 [debug] [MainThread]: Sending event: {'category': 'dbt', 'action': 'invocation', 'label': 'end', 'context': [<snowplow_tracker.self_describing_json.SelfDescribingJson object at 0x7f8220399f40>, <snowplow_tracker.self_describing_json.SelfDescribingJson object at 0x7f8210418970>, <snowplow_tracker.self_describing_json.SelfDescribingJson object at 0x7f8202bea7f0>]}
[0m17:52:12.770585 [debug] [MainThread]: Flushing usage events
[0m17:52:13.278082 [debug] [MainThread]: An error was encountered while trying to flush usage events
[0m17:52:28.050677 [debug] [MainThread]: Sending event: {'category': 'dbt', 'action': 'invocation', 'label': 'start', 'context': [<snowplow_tracker.self_describing_json.SelfDescribingJson object at 0x7fc1d97f0eb0>, <snowplow_tracker.self_describing_json.SelfDescribingJson object at 0x7fc1e8310a60>, <snowplow_tracker.self_describing_json.SelfDescribingJson object at 0x7fc1e83100d0>]}


============================== 17:52:28.055735 | 5299ea00-da9e-435b-959c-d3b7ea6b3214 ==============================
[0m17:52:28.055735 [info ] [MainThread]: Running with dbt=1.10.20
[0m17:52:28.056303 [debug] [MainThread]: running dbt with arguments {'log_path': '/Users/annaborisenko/Documents/new_job_project_26/dbt_pipeline/dbt-ecommerce-project/logs', 'debug': 'False', 'use_colors': 'True', 'log_cache_events': 'False', 'profiles_dir': '/Users/annaborisenko/Documents/new_job_project_26/dbt_pipeline/dbt-ecommerce-project', 'fail_fast': 'False', 'quiet': 'False', 'version_check': 'True', 'write_json': 'True', 'send_anonymous_usage_stats': 'True', 'warn_error_options': 'WarnErrorOptionsV2(error=[], warn=[], silence=[])', 'invocation_command': 'dbt docs serve', 'static_parser': 'True', 'cache_selected_only': 'False', 'no_print': 'None', 'introspect': 'True', 'warn_error': 'None', 'target_path': 'None', 'printer_width': '80', 'use_experimental_parser': 'False', 'indirect_selection': 'eager', 'partial_parse': 'True', 'empty': 'None', 'log_format': 'default'}
[0m17:52:28.221510 [debug] [MainThread]: Sending event: {'category': 'dbt', 'action': 'project_id', 'label': '5299ea00-da9e-435b-959c-d3b7ea6b3214', 'context': [<snowplow_tracker.self_describing_json.SelfDescribingJson object at 0x7fc1c87d3100>]}
[0m17:52:28.266161 [debug] [MainThread]: Sending event: {'category': 'dbt', 'action': 'adapter_info', 'label': '5299ea00-da9e-435b-959c-d3b7ea6b3214', 'context': [<snowplow_tracker.self_describing_json.SelfDescribingJson object at 0x7fc1da4202b0>]}
[0m17:52:46.910317 [error] [MainThread]: Encountered an error:

[0m17:52:46.917038 [error] [MainThread]: Traceback (most recent call last):
  File "/Users/annaborisenko/anaconda3/lib/python3.9/site-packages/dbt/cli/requires.py", line 178, in wrapper
    result, success = func(*args, **kwargs)
  File "/Users/annaborisenko/anaconda3/lib/python3.9/site-packages/dbt/cli/requires.py", line 128, in wrapper
    return func(*args, **kwargs)
  File "/Users/annaborisenko/anaconda3/lib/python3.9/site-packages/dbt/cli/requires.py", line 272, in wrapper
    return func(*args, **kwargs)
  File "/Users/annaborisenko/anaconda3/lib/python3.9/site-packages/dbt/cli/requires.py", line 317, in wrapper
    return func(*args, **kwargs)
  File "/Users/annaborisenko/anaconda3/lib/python3.9/site-packages/dbt/cli/requires.py", line 364, in wrapper
    return func(*args, **kwargs)
  File "/Users/annaborisenko/anaconda3/lib/python3.9/site-packages/dbt/cli/main.py", line 307, in docs_serve
    results = task.run()
  File "/Users/annaborisenko/anaconda3/lib/python3.9/site-packages/dbt/task/docs/serve.py", line 29, in run
    httpd.serve_forever()
  File "/Users/annaborisenko/anaconda3/lib/python3.9/socketserver.py", line 232, in serve_forever
    ready = selector.select(poll_interval)
  File "/Users/annaborisenko/anaconda3/lib/python3.9/selectors.py", line 416, in select
    fd_event_list = self._selector.poll(timeout)
KeyboardInterrupt

[0m17:52:46.922596 [debug] [MainThread]: Resource report: {"command_name": "serve", "command_success": false, "command_wall_clock_time": 18.961311, "process_in_blocks": "0", "process_kernel_time": 0.213277, "process_mem_max_rss": "109764608", "process_out_blocks": "0", "process_user_time": 1.283686}
[0m17:52:46.923902 [debug] [MainThread]: Command `dbt docs serve` failed at 17:52:46.923602 after 18.96 seconds
[0m17:52:46.924548 [debug] [MainThread]: Sending event: {'category': 'dbt', 'action': 'invocation', 'label': 'end', 'context': [<snowplow_tracker.self_describing_json.SelfDescribingJson object at 0x7fc1d97f0eb0>, <snowplow_tracker.self_describing_json.SelfDescribingJson object at 0x7fc1c0240370>, <snowplow_tracker.self_describing_json.SelfDescribingJson object at 0x7fc1c0240640>]}
[0m17:52:46.925150 [debug] [MainThread]: Flushing usage events
[0m17:52:47.449174 [debug] [MainThread]: An error was encountered while trying to flush usage events
